<?xml version="1.0" encoding="UTF-8"?>
<!-- Generated by org.testng.reporters.JUnitReportReporter -->
<testsuite hostname="Peter" failures="0" tests="1" name="Tests.LoginTest" time="11.713" errors="0" timestamp="2024-10-31T03:56:44 EEST" skipped="0">
  <testcase classname="Tests.LoginTest" name="LoginTest1" time="11.713"/>
</testsuite> <!-- Tests.LoginTest -->
