<?xml version="1.0" encoding="UTF-8"?>
<!-- Generated by org.testng.reporters.JUnitReportReporter -->
<testsuite hostname="Peter" failures="0" tests="1" name="Tests.AddingPageTest" time="8.748" errors="0" timestamp="2024-10-31T03:56:44 EEST" skipped="0">
  <testcase classname="Tests.AddingPageTest" name="AddNewPerson" time="8.748"/>
</testsuite> <!-- Tests.AddingPageTest -->
